2023-04-17 10:53:38,778:WARNING:
'cuml' is a soft dependency and not included in the pycaret installation. Please run: `pip install cuml` to install.
2023-04-17 10:53:38,778:WARNING:
'cuml' is a soft dependency and not included in the pycaret installation. Please run: `pip install cuml` to install.
2023-04-17 10:53:38,778:WARNING:
'cuml' is a soft dependency and not included in the pycaret installation. Please run: `pip install cuml` to install.
2023-04-17 10:53:38,778:WARNING:
'cuml' is a soft dependency and not included in the pycaret installation. Please run: `pip install cuml` to install.
2023-04-17 10:53:41,080:WARNING:
'prophet' is a soft dependency and not included in the pycaret installation. Please run: `pip install prophet` to install.
2023-04-17 10:53:45,144:WARNING:D:\Tugas Praktek Data mining\MachinelearningAuto\app.py:5: DeprecationWarning: `import pandas_profiling` is going to be deprecated by April 1st. Please use `import ydata_profiling` instead.
  import pandas_profiling

2023-04-30 09:39:42,375:WARNING:
'cuml' is a soft dependency and not included in the pycaret installation. Please run: `pip install cuml` to install.
2023-04-30 09:39:42,375:WARNING:
'cuml' is a soft dependency and not included in the pycaret installation. Please run: `pip install cuml` to install.
2023-04-30 09:39:42,375:WARNING:
'cuml' is a soft dependency and not included in the pycaret installation. Please run: `pip install cuml` to install.
2023-04-30 09:39:42,375:WARNING:
'cuml' is a soft dependency and not included in the pycaret installation. Please run: `pip install cuml` to install.
2023-04-30 09:39:48,446:WARNING:
'prophet' is a soft dependency and not included in the pycaret installation. Please run: `pip install prophet` to install.
2023-04-30 09:39:57,189:WARNING:D:\Tugas Praktek Data mining\MachinelearningAuto\app.py:5: DeprecationWarning: `import pandas_profiling` is going to be deprecated by April 1st. Please use `import ydata_profiling` instead.
  import pandas_profiling

2023-04-30 10:16:11,123:WARNING:
'cuml' is a soft dependency and not included in the pycaret installation. Please run: `pip install cuml` to install.
2023-04-30 10:16:11,123:WARNING:
'cuml' is a soft dependency and not included in the pycaret installation. Please run: `pip install cuml` to install.
2023-04-30 10:16:11,123:WARNING:
'cuml' is a soft dependency and not included in the pycaret installation. Please run: `pip install cuml` to install.
2023-04-30 10:16:11,123:WARNING:
'cuml' is a soft dependency and not included in the pycaret installation. Please run: `pip install cuml` to install.
2023-04-30 10:16:13,604:WARNING:
'prophet' is a soft dependency and not included in the pycaret installation. Please run: `pip install prophet` to install.
2023-04-30 10:16:19,058:WARNING:D:\Tugas Praktek Data mining\MachinelearningAuto\app.py:5: DeprecationWarning: `import pandas_profiling` is going to be deprecated by April 1st. Please use `import ydata_profiling` instead.
  import pandas_profiling

2023-04-30 10:25:45,120:WARNING:C:\Users\ASUS\AppData\Local\Programs\Python\Python310\lib\site-packages\sklearn\base.py:450: UserWarning: X does not have valid feature names, but GaussianNB was fitted with feature names
  warnings.warn(

2023-04-30 10:26:47,704:WARNING:C:\Users\ASUS\AppData\Local\Programs\Python\Python310\lib\site-packages\sklearn\base.py:450: UserWarning: X does not have valid feature names, but GaussianNB was fitted with feature names
  warnings.warn(

2023-04-30 10:27:53,534:WARNING:C:\Users\ASUS\AppData\Local\Programs\Python\Python310\lib\site-packages\sklearn\base.py:450: UserWarning: X does not have valid feature names, but GaussianNB was fitted with feature names
  warnings.warn(

2023-04-30 10:28:01,630:WARNING:C:\Users\ASUS\AppData\Local\Programs\Python\Python310\lib\site-packages\sklearn\base.py:450: UserWarning: X does not have valid feature names, but GaussianNB was fitted with feature names
  warnings.warn(

2023-04-30 10:28:22,865:WARNING:C:\Users\ASUS\AppData\Local\Programs\Python\Python310\lib\site-packages\sklearn\base.py:450: UserWarning: X does not have valid feature names, but GaussianNB was fitted with feature names
  warnings.warn(

2023-04-30 10:28:23,318:WARNING:C:\Users\ASUS\AppData\Local\Programs\Python\Python310\lib\site-packages\sklearn\base.py:450: UserWarning: X does not have valid feature names, but GaussianNB was fitted with feature names
  warnings.warn(

2023-04-30 10:28:25,619:WARNING:C:\Users\ASUS\AppData\Local\Programs\Python\Python310\lib\site-packages\sklearn\base.py:450: UserWarning: X does not have valid feature names, but GaussianNB was fitted with feature names
  warnings.warn(

2023-04-30 10:28:26,416:WARNING:C:\Users\ASUS\AppData\Local\Programs\Python\Python310\lib\site-packages\sklearn\base.py:450: UserWarning: X does not have valid feature names, but GaussianNB was fitted with feature names
  warnings.warn(

2023-04-30 10:29:21,802:WARNING:C:\Users\ASUS\AppData\Local\Programs\Python\Python310\lib\site-packages\sklearn\base.py:450: UserWarning: X does not have valid feature names, but GaussianNB was fitted with feature names
  warnings.warn(

2023-04-30 10:30:36,583:WARNING:C:\Users\ASUS\AppData\Local\Programs\Python\Python310\lib\site-packages\sklearn\base.py:450: UserWarning: X does not have valid feature names, but GaussianNB was fitted with feature names
  warnings.warn(

2023-04-30 10:31:32,732:WARNING:C:\Users\ASUS\AppData\Local\Programs\Python\Python310\lib\site-packages\sklearn\base.py:450: UserWarning: X does not have valid feature names, but GaussianNB was fitted with feature names
  warnings.warn(

2023-04-30 10:31:33,795:WARNING:C:\Users\ASUS\AppData\Local\Programs\Python\Python310\lib\site-packages\sklearn\base.py:450: UserWarning: X does not have valid feature names, but GaussianNB was fitted with feature names
  warnings.warn(

2023-04-30 10:31:39,746:WARNING:C:\Users\ASUS\AppData\Local\Programs\Python\Python310\lib\site-packages\sklearn\base.py:450: UserWarning: X does not have valid feature names, but GaussianNB was fitted with feature names
  warnings.warn(

2023-04-30 10:34:03,807:WARNING:
'cuml' is a soft dependency and not included in the pycaret installation. Please run: `pip install cuml` to install.
2023-04-30 10:34:03,807:WARNING:
'cuml' is a soft dependency and not included in the pycaret installation. Please run: `pip install cuml` to install.
2023-04-30 10:34:03,807:WARNING:
'cuml' is a soft dependency and not included in the pycaret installation. Please run: `pip install cuml` to install.
2023-04-30 10:34:03,807:WARNING:
'cuml' is a soft dependency and not included in the pycaret installation. Please run: `pip install cuml` to install.
2023-04-30 10:34:07,135:WARNING:
'prophet' is a soft dependency and not included in the pycaret installation. Please run: `pip install prophet` to install.
2023-04-30 10:34:12,947:WARNING:D:\Tugas Praktek Data mining\MachinelearningAuto\app.py:5: DeprecationWarning: `import pandas_profiling` is going to be deprecated by April 1st. Please use `import ydata_profiling` instead.
  import pandas_profiling

2023-04-30 10:34:49,074:WARNING:C:\Users\ASUS\AppData\Local\Programs\Python\Python310\lib\site-packages\sklearn\base.py:450: UserWarning: X does not have valid feature names, but GaussianNB was fitted with feature names
  warnings.warn(

2023-04-30 10:35:49,878:WARNING:C:\Users\ASUS\AppData\Local\Programs\Python\Python310\lib\site-packages\sklearn\base.py:450: UserWarning: X does not have valid feature names, but GaussianNB was fitted with feature names
  warnings.warn(

2023-04-30 10:35:55,100:WARNING:C:\Users\ASUS\AppData\Local\Programs\Python\Python310\lib\site-packages\sklearn\base.py:450: UserWarning: X does not have valid feature names, but GaussianNB was fitted with feature names
  warnings.warn(

2023-04-30 10:36:34,042:WARNING:C:\Users\ASUS\AppData\Local\Programs\Python\Python310\lib\site-packages\sklearn\base.py:450: UserWarning: X does not have valid feature names, but GaussianNB was fitted with feature names
  warnings.warn(

2023-04-30 10:36:37,877:WARNING:C:\Users\ASUS\AppData\Local\Programs\Python\Python310\lib\site-packages\sklearn\base.py:450: UserWarning: X does not have valid feature names, but GaussianNB was fitted with feature names
  warnings.warn(

2023-04-30 10:36:40,823:WARNING:C:\Users\ASUS\AppData\Local\Programs\Python\Python310\lib\site-packages\sklearn\base.py:450: UserWarning: X does not have valid feature names, but GaussianNB was fitted with feature names
  warnings.warn(

2023-04-30 10:36:44,066:WARNING:C:\Users\ASUS\AppData\Local\Programs\Python\Python310\lib\site-packages\sklearn\base.py:450: UserWarning: X does not have valid feature names, but GaussianNB was fitted with feature names
  warnings.warn(

2023-04-30 10:36:51,691:WARNING:C:\Users\ASUS\AppData\Local\Programs\Python\Python310\lib\site-packages\sklearn\base.py:450: UserWarning: X does not have valid feature names, but GaussianNB was fitted with feature names
  warnings.warn(

2023-04-30 10:36:56,897:WARNING:C:\Users\ASUS\AppData\Local\Programs\Python\Python310\lib\site-packages\sklearn\base.py:450: UserWarning: X does not have valid feature names, but GaussianNB was fitted with feature names
  warnings.warn(

2023-04-30 10:36:58,440:WARNING:C:\Users\ASUS\AppData\Local\Programs\Python\Python310\lib\site-packages\sklearn\base.py:450: UserWarning: X does not have valid feature names, but GaussianNB was fitted with feature names
  warnings.warn(

2023-04-30 10:37:02,212:WARNING:C:\Users\ASUS\AppData\Local\Programs\Python\Python310\lib\site-packages\sklearn\base.py:450: UserWarning: X does not have valid feature names, but GaussianNB was fitted with feature names
  warnings.warn(

2023-04-30 10:37:53,341:WARNING:C:\Users\ASUS\AppData\Local\Programs\Python\Python310\lib\site-packages\sklearn\base.py:450: UserWarning: X does not have valid feature names, but GaussianNB was fitted with feature names
  warnings.warn(

2023-04-30 10:37:53,918:WARNING:C:\Users\ASUS\AppData\Local\Programs\Python\Python310\lib\site-packages\sklearn\base.py:450: UserWarning: X does not have valid feature names, but GaussianNB was fitted with feature names
  warnings.warn(

2023-04-30 10:38:03,996:WARNING:C:\Users\ASUS\AppData\Local\Programs\Python\Python310\lib\site-packages\sklearn\base.py:450: UserWarning: X does not have valid feature names, but GaussianNB was fitted with feature names
  warnings.warn(

2023-04-30 10:38:07,722:WARNING:C:\Users\ASUS\AppData\Local\Programs\Python\Python310\lib\site-packages\sklearn\base.py:450: UserWarning: X does not have valid feature names, but GaussianNB was fitted with feature names
  warnings.warn(

2023-04-30 10:38:12,680:WARNING:C:\Users\ASUS\AppData\Local\Programs\Python\Python310\lib\site-packages\sklearn\base.py:450: UserWarning: X does not have valid feature names, but GaussianNB was fitted with feature names
  warnings.warn(

2023-04-30 10:38:29,865:WARNING:C:\Users\ASUS\AppData\Local\Programs\Python\Python310\lib\site-packages\sklearn\base.py:450: UserWarning: X does not have valid feature names, but GaussianNB was fitted with feature names
  warnings.warn(

2023-04-30 10:38:33,724:WARNING:C:\Users\ASUS\AppData\Local\Programs\Python\Python310\lib\site-packages\sklearn\base.py:450: UserWarning: X does not have valid feature names, but GaussianNB was fitted with feature names
  warnings.warn(

2023-04-30 10:38:36,100:WARNING:C:\Users\ASUS\AppData\Local\Programs\Python\Python310\lib\site-packages\sklearn\base.py:450: UserWarning: X does not have valid feature names, but GaussianNB was fitted with feature names
  warnings.warn(

2023-04-30 10:38:40,040:WARNING:C:\Users\ASUS\AppData\Local\Programs\Python\Python310\lib\site-packages\sklearn\base.py:450: UserWarning: X does not have valid feature names, but GaussianNB was fitted with feature names
  warnings.warn(

2023-04-30 10:39:09,186:WARNING:C:\Users\ASUS\AppData\Local\Programs\Python\Python310\lib\site-packages\sklearn\base.py:450: UserWarning: X does not have valid feature names, but GaussianNB was fitted with feature names
  warnings.warn(

2023-04-30 10:39:58,367:WARNING:C:\Users\ASUS\AppData\Local\Programs\Python\Python310\lib\site-packages\sklearn\base.py:450: UserWarning: X does not have valid feature names, but GaussianNB was fitted with feature names
  warnings.warn(

2023-04-30 10:40:05,698:WARNING:C:\Users\ASUS\AppData\Local\Programs\Python\Python310\lib\site-packages\sklearn\base.py:450: UserWarning: X does not have valid feature names, but GaussianNB was fitted with feature names
  warnings.warn(

2023-04-30 10:40:35,446:WARNING:C:\Users\ASUS\AppData\Local\Programs\Python\Python310\lib\site-packages\sklearn\base.py:450: UserWarning: X does not have valid feature names, but GaussianNB was fitted with feature names
  warnings.warn(

2023-04-30 10:41:13,245:WARNING:C:\Users\ASUS\AppData\Local\Programs\Python\Python310\lib\site-packages\sklearn\base.py:450: UserWarning: X does not have valid feature names, but GaussianNB was fitted with feature names
  warnings.warn(

2023-04-30 10:41:14,635:WARNING:C:\Users\ASUS\AppData\Local\Programs\Python\Python310\lib\site-packages\sklearn\base.py:450: UserWarning: X does not have valid feature names, but GaussianNB was fitted with feature names
  warnings.warn(

2023-04-30 10:41:21,597:WARNING:C:\Users\ASUS\AppData\Local\Programs\Python\Python310\lib\site-packages\sklearn\base.py:450: UserWarning: X does not have valid feature names, but GaussianNB was fitted with feature names
  warnings.warn(

2023-04-30 10:41:26,493:WARNING:C:\Users\ASUS\AppData\Local\Programs\Python\Python310\lib\site-packages\sklearn\base.py:450: UserWarning: X does not have valid feature names, but GaussianNB was fitted with feature names
  warnings.warn(

2023-04-30 10:41:34,436:WARNING:C:\Users\ASUS\AppData\Local\Programs\Python\Python310\lib\site-packages\sklearn\base.py:450: UserWarning: X does not have valid feature names, but GaussianNB was fitted with feature names
  warnings.warn(

2023-04-30 10:41:38,437:WARNING:C:\Users\ASUS\AppData\Local\Programs\Python\Python310\lib\site-packages\sklearn\base.py:450: UserWarning: X does not have valid feature names, but GaussianNB was fitted with feature names
  warnings.warn(

2023-04-30 10:41:43,241:WARNING:C:\Users\ASUS\AppData\Local\Programs\Python\Python310\lib\site-packages\sklearn\base.py:450: UserWarning: X does not have valid feature names, but GaussianNB was fitted with feature names
  warnings.warn(

2023-04-30 10:41:53,128:WARNING:C:\Users\ASUS\AppData\Local\Programs\Python\Python310\lib\site-packages\sklearn\base.py:450: UserWarning: X does not have valid feature names, but GaussianNB was fitted with feature names
  warnings.warn(

2023-04-30 10:41:57,131:WARNING:C:\Users\ASUS\AppData\Local\Programs\Python\Python310\lib\site-packages\sklearn\base.py:450: UserWarning: X does not have valid feature names, but GaussianNB was fitted with feature names
  warnings.warn(

2023-04-30 10:41:59,549:WARNING:C:\Users\ASUS\AppData\Local\Programs\Python\Python310\lib\site-packages\sklearn\base.py:450: UserWarning: X does not have valid feature names, but GaussianNB was fitted with feature names
  warnings.warn(

2023-04-30 10:42:01,748:WARNING:C:\Users\ASUS\AppData\Local\Programs\Python\Python310\lib\site-packages\sklearn\base.py:450: UserWarning: X does not have valid feature names, but GaussianNB was fitted with feature names
  warnings.warn(

2023-04-30 10:42:10,582:WARNING:C:\Users\ASUS\AppData\Local\Programs\Python\Python310\lib\site-packages\sklearn\base.py:450: UserWarning: X does not have valid feature names, but GaussianNB was fitted with feature names
  warnings.warn(

2023-04-30 10:42:11,092:WARNING:C:\Users\ASUS\AppData\Local\Programs\Python\Python310\lib\site-packages\sklearn\base.py:450: UserWarning: X does not have valid feature names, but GaussianNB was fitted with feature names
  warnings.warn(

2023-04-30 10:42:20,600:WARNING:C:\Users\ASUS\AppData\Local\Programs\Python\Python310\lib\site-packages\sklearn\base.py:450: UserWarning: X does not have valid feature names, but GaussianNB was fitted with feature names
  warnings.warn(

2023-04-30 10:42:45,427:WARNING:C:\Users\ASUS\AppData\Local\Programs\Python\Python310\lib\site-packages\sklearn\base.py:450: UserWarning: X does not have valid feature names, but GaussianNB was fitted with feature names
  warnings.warn(

2023-04-30 10:44:59,458:WARNING:C:\Users\ASUS\AppData\Local\Programs\Python\Python310\lib\site-packages\sklearn\base.py:450: UserWarning: X does not have valid feature names, but GaussianNB was fitted with feature names
  warnings.warn(

2023-04-30 10:45:42,466:WARNING:C:\Users\ASUS\AppData\Local\Programs\Python\Python310\lib\site-packages\sklearn\base.py:450: UserWarning: X does not have valid feature names, but GaussianNB was fitted with feature names
  warnings.warn(

2023-04-30 10:45:44,188:WARNING:C:\Users\ASUS\AppData\Local\Programs\Python\Python310\lib\site-packages\sklearn\base.py:450: UserWarning: X does not have valid feature names, but GaussianNB was fitted with feature names
  warnings.warn(

2023-04-30 10:46:02,751:WARNING:C:\Users\ASUS\AppData\Local\Programs\Python\Python310\lib\site-packages\sklearn\base.py:450: UserWarning: X does not have valid feature names, but GaussianNB was fitted with feature names
  warnings.warn(

2023-04-30 10:46:03,732:WARNING:C:\Users\ASUS\AppData\Local\Programs\Python\Python310\lib\site-packages\sklearn\base.py:450: UserWarning: X does not have valid feature names, but GaussianNB was fitted with feature names
  warnings.warn(

2023-04-30 10:46:08,821:WARNING:C:\Users\ASUS\AppData\Local\Programs\Python\Python310\lib\site-packages\sklearn\base.py:450: UserWarning: X does not have valid feature names, but GaussianNB was fitted with feature names
  warnings.warn(

2023-04-30 10:46:14,466:WARNING:C:\Users\ASUS\AppData\Local\Programs\Python\Python310\lib\site-packages\sklearn\base.py:450: UserWarning: X does not have valid feature names, but GaussianNB was fitted with feature names
  warnings.warn(

2023-04-30 10:46:15,154:WARNING:C:\Users\ASUS\AppData\Local\Programs\Python\Python310\lib\site-packages\sklearn\base.py:450: UserWarning: X does not have valid feature names, but GaussianNB was fitted with feature names
  warnings.warn(

2023-04-30 10:46:15,688:WARNING:C:\Users\ASUS\AppData\Local\Programs\Python\Python310\lib\site-packages\sklearn\base.py:450: UserWarning: X does not have valid feature names, but GaussianNB was fitted with feature names
  warnings.warn(

2023-04-30 10:46:16,085:WARNING:C:\Users\ASUS\AppData\Local\Programs\Python\Python310\lib\site-packages\sklearn\base.py:450: UserWarning: X does not have valid feature names, but GaussianNB was fitted with feature names
  warnings.warn(

